===== Nova Exchange User Portal Progress Log =====
Date: 2026-06-21 03:28:10

[OK] js/api.js (1903 bytes)
[OK] js/utils.js (2975 bytes)
[OK] js/auth.js (17998 bytes)
[OK] js/account.js (13214 bytes)
[OK] css/auth.css (3533 bytes)
[OK] account.html (5520 bytes)
[OK] Nigeria.html (10481 bytes)
[OK] cards/cards.html (10011 bytes)
[OK] cards/popularfastcards.html (13106 bytes)
[OK] transfer/populartransfer.html (10660 bytes)
[OK] transfer/support.html (13760 bytes)
[OK] misc/ticheng.html (34372 bytes)
[OK] misc/whatsapp-redirect.html (18827 bytes)
[OK-AUTH] account.html
[OK-AUTH] Nigeria.html
[OK-AUTH] cards/cards.html
[OK-AUTH] cards/popularfastcards.html
[OK-AUTH] transfer/populartransfer.html
[OK-AUTH] transfer/support.html
[OK-AUTH] misc/ticheng.html
[OK-AUTH] misc/whatsapp-redirect.html

Status: Complete - All files written
Notes:
- Auth module: api.js + utils.js + auth.js + auth.css
- Account page: account.js + account.html
- All HTML files updated with auth header
- Encoding: UTF-8 without BOM
- API_BASE: https://nova-api-production-f9f4.up.railway.app